<?xml version="1.0" encoding="UTF-8"?>
<!-- Generated by org.testng.reporters.JUnitReportReporter -->
<testsuite hostname="LAPTOP-RBJAAMOL" failures="0" tests="1" name="utility.BaseClass" time="5.656" errors="0" timestamp="2024-03-29T22:28:58 IST" skipped="0">
  <testcase classname="utility.BaseClass" name="intializeDriver" time="5.656"/>
</testsuite> <!-- utility.BaseClass -->
