<?xml version="1.0" encoding="UTF-8"?>
<!-- Generated by org.testng.reporters.JUnitReportReporter -->
<testsuite hostname="LAPTOP-RBJAAMOL" failures="0" tests="2" name="com.orangeHrm_TestScripts.loginModule" time="8.443" errors="0" timestamp="2024-04-05T20:17:39 IST" skipped="0">
  <testcase classname="com.orangeHrm_TestScripts.loginModule" name="loginWithVaildCredentials" time="5.599"/>
  <testcase classname="com.orangeHrm_TestScripts.loginModule" name="loginWithInVaildCredentials" time="2.844"/>
</testsuite> <!-- com.orangeHrm_TestScripts.loginModule -->
