<?xml version="1.0" encoding="UTF-8"?>
<!-- Generated by org.testng.reporters.JUnitReportReporter -->
<testsuite hostname="LAPTOP-RBJAAMOL" failures="0" tests="5" name="com.orangeHrm_TestScripts.myTimeSheetModule" time="56.565" errors="0" timestamp="2024-04-08T15:23:16 IST" skipped="0">
  <testcase classname="com.orangeHrm_TestScripts.myTimeSheetModule" name="validateMytimeSheetPage" time="8.181"/>
  <testcase classname="com.orangeHrm_TestScripts.myTimeSheetModule" name="validateCalanderBtn" time="21.157"/>
  <testcase classname="com.orangeHrm_TestScripts.myTimeSheetModule" name="validateCalanderTodayBtn" time="10.928"/>
  <testcase classname="com.orangeHrm_TestScripts.myTimeSheetModule" name="validateCalenderCloseBtn" time="9.671"/>
  <testcase classname="com.orangeHrm_TestScripts.myTimeSheetModule" name="validateDate" time="6.628"/>
</testsuite> <!-- com.orangeHrm_TestScripts.myTimeSheetModule -->
