<?xml version="1.0" encoding="UTF-8"?>
<!-- Generated by org.testng.reporters.JUnitReportReporter -->
<testsuite hostname="LAPTOP-RBJAAMOL" failures="0" tests="5" name="com.orangeHrm_TestScripts.myTimeSheetModule" time="51.243" errors="0" timestamp="2024-07-30T15:14:08 IST" skipped="0">
  <testcase classname="com.orangeHrm_TestScripts.myTimeSheetModule" name="validateMytimeSheetPage" time="8.385"/>
  <testcase classname="com.orangeHrm_TestScripts.myTimeSheetModule" name="validateCalanderBtn" time="14.299"/>
  <testcase classname="com.orangeHrm_TestScripts.myTimeSheetModule" name="validateCalanderTodayBtn" time="11.807"/>
  <testcase classname="com.orangeHrm_TestScripts.myTimeSheetModule" name="validateCalenderCloseBtn" time="9.845"/>
  <testcase classname="com.orangeHrm_TestScripts.myTimeSheetModule" name="validateDate" time="6.907"/>
</testsuite> <!-- com.orangeHrm_TestScripts.myTimeSheetModule -->
