<?xml version="1.0" encoding="UTF-8"?>
<!-- Generated by org.testng.reporters.JUnitReportReporter -->
<testsuite hostname="LAPTOP-RBJAAMOL" failures="0" tests="5" name="com.orangeHrm_TestScripts.myTimeSheetModule" time="89.184" errors="0" timestamp="2024-07-17T18:40:19 IST" skipped="0">
  <testcase classname="com.orangeHrm_TestScripts.myTimeSheetModule" name="validateMytimeSheetPage" time="12.475"/>
  <testcase classname="com.orangeHrm_TestScripts.myTimeSheetModule" name="validateCalanderBtn" time="47.767"/>
  <testcase classname="com.orangeHrm_TestScripts.myTimeSheetModule" name="validateCalanderTodayBtn" time="11.978"/>
  <testcase classname="com.orangeHrm_TestScripts.myTimeSheetModule" name="validateCalenderCloseBtn" time="10.157"/>
  <testcase classname="com.orangeHrm_TestScripts.myTimeSheetModule" name="validateDate" time="6.807"/>
</testsuite> <!-- com.orangeHrm_TestScripts.myTimeSheetModule -->
