<?xml version="1.0" encoding="UTF-8"?>
<!-- Generated by org.testng.reporters.JUnitReportReporter -->
<testsuite hostname="LAPTOP-RBJAAMOL" failures="0" tests="2" name="com.orangeHrm_TestScripts.loginModule" time="8.439" errors="0" timestamp="2024-04-08T15:23:16 IST" skipped="0">
  <testcase classname="com.orangeHrm_TestScripts.loginModule" name="loginWithVaildCredentials" time="4.967"/>
  <testcase classname="com.orangeHrm_TestScripts.loginModule" name="loginWithInVaildCredentials" time="3.472"/>
</testsuite> <!-- com.orangeHrm_TestScripts.loginModule -->
