<?xml version="1.0" encoding="UTF-8"?>
<!-- Generated by org.testng.reporters.JUnitReportReporter -->
<testsuite hostname="LAPTOP-RBJAAMOL" failures="0" tests="2" name="com.orangeHrm_TestScripts.dashbordModule" time="9.961" errors="0" timestamp="2024-07-30T15:14:08 IST" skipped="0">
  <testcase classname="com.orangeHrm_TestScripts.dashbordModule" name="validateDashbordPage" time="5.091"/>
  <testcase classname="com.orangeHrm_TestScripts.dashbordModule" name="validateMytimeSheetLogo" time="4.870"/>
</testsuite> <!-- com.orangeHrm_TestScripts.dashbordModule -->
