<?xml version="1.0" encoding="UTF-8"?>
<!-- Generated by org.testng.reporters.JUnitReportReporter -->
<testsuite hostname="LAPTOP-RBJAAMOL" failures="0" tests="2" name="com.orangeHrm_TestScripts.dashbordModule" time="9.615" errors="0" timestamp="2024-07-17T18:40:19 IST" skipped="0">
  <testcase classname="com.orangeHrm_TestScripts.dashbordModule" name="validateDashbordPage" time="4.890"/>
  <testcase classname="com.orangeHrm_TestScripts.dashbordModule" name="validateMytimeSheetLogo" time="4.725"/>
</testsuite> <!-- com.orangeHrm_TestScripts.dashbordModule -->
