<?xml version="1.0" encoding="UTF-8"?>
<!-- Generated by org.testng.reporters.JUnitReportReporter -->
<testsuite hostname="LAPTOP-RBJAAMOL" failures="0" tests="2" name="com.orangeHrm_TestScripts.loginModule" time="8.714" errors="0" timestamp="2024-07-17T18:40:19 IST" skipped="0">
  <testcase classname="com.orangeHrm_TestScripts.loginModule" name="loginWithVaildCredentials" time="5.294"/>
  <testcase classname="com.orangeHrm_TestScripts.loginModule" name="loginWithInVaildCredentials" time="3.420"/>
</testsuite> <!-- com.orangeHrm_TestScripts.loginModule -->
