<?xml version="1.0" encoding="UTF-8"?>
<!-- Generated by org.testng.reporters.JUnitReportReporter -->
<testsuite hostname="LAPTOP-RBJAAMOL" failures="0" tests="2" name="com.orangeHrm_TestScripts.dashbordModule" time="12.272" errors="0" timestamp="2024-04-03T13:11:45 IST" skipped="0">
  <testcase classname="com.orangeHrm_TestScripts.dashbordModule" name="validateDashbordPage" time="5.910"/>
  <testcase classname="com.orangeHrm_TestScripts.dashbordModule" name="validateMytimeSheetLogo" time="6.362"/>
</testsuite> <!-- com.orangeHrm_TestScripts.dashbordModule -->
